build/app/intermediates/manifest_merge_blame_file/release/manifest-merger-blame-release-report.txt
1<?xml version="1.0" encoding="utf-8"?>
2<manifest xmlns:android="http://schemas.android.com/apk/res/android"
3    package="com.example.CollegeManager"
4    android:versionCode="1"
5    android:versionName="1.0.0" >
6
7    <uses-sdk
8        android:minSdkVersion="16"
8-->src/main/AndroidManifest.xml
9        android:targetSdkVersion="28" />
9-->src/main/AndroidManifest.xml
10    <!-- Although the *SdkVersion is captured in gradle build files, this is required for non gradle builds -->
11    <!-- <uses-sdk android:minSdkVersion="14" /> -->
12    <uses-permission android:name="android.permission.ACCESS_NETWORK_STATE" />
12-->[com.google.firebase:firebase-firestore:21.3.0] AndroidManifest.xml:13:5-79
12-->[com.google.firebase:firebase-firestore:21.3.0] AndroidManifest.xml:13:22-76
13    <uses-permission android:name="android.permission.INTERNET" />
13-->[com.google.firebase:firebase-firestore:21.3.0] AndroidManifest.xml:14:5-67
13-->[com.google.firebase:firebase-firestore:21.3.0] AndroidManifest.xml:14:22-64
14    <uses-permission android:name="android.permission.WAKE_LOCK" /> <!-- Required by older versions of Google Play services to create IID tokens -->
14-->[com.google.firebase:firebase-iid:20.0.1] AndroidManifest.xml:24:5-68
14-->[com.google.firebase:firebase-iid:20.0.1] AndroidManifest.xml:24:22-65
15    <uses-permission android:name="com.google.android.c2dm.permission.RECEIVE" />
15-->[com.google.firebase:firebase-iid:20.0.1] AndroidManifest.xml:26:5-82
15-->[com.google.firebase:firebase-iid:20.0.1] AndroidManifest.xml:26:22-79
16    <!--
17 io.flutter.app.FlutterApplication is an android.app.Application that
18         calls FlutterMain.startInitialization(this); in its onCreate method.
19         In most cases you can leave this as-is, but you if you want to provide
20         additional functionality it is fine to subclass or reimplement
21         FlutterApplication and put your custom class here.
22    -->
23    <application
23-->src/main/AndroidManifest.xml:8:5-46:19
24        android:name="io.flutter.app.FlutterApplication"
24-->src/main/AndroidManifest.xml:9:9-57
25        android:appComponentFactory="androidx.core.app.CoreComponentFactory"
25-->[androidx.core:core:1.0.0] AndroidManifest.xml:22:18-86
26        android:icon="@mipmap/ic_launcher"
26-->src/main/AndroidManifest.xml:11:9-43
27        android:label="CollegeManager" >
27-->src/main/AndroidManifest.xml:10:9-39
28        <activity
28-->src/main/AndroidManifest.xml:12:9-40:20
29            android:name="com.example.CollegeManager.MainActivity"
29-->src/main/AndroidManifest.xml:13:13-41
30            android:configChanges="orientation|keyboardHidden|keyboard|screenSize|smallestScreenSize|locale|layoutDirection|fontScale|screenLayout|density|uiMode"
30-->src/main/AndroidManifest.xml:16:13-163
31            android:hardwareAccelerated="true"
31-->src/main/AndroidManifest.xml:17:13-47
32            android:launchMode="singleTop"
32-->src/main/AndroidManifest.xml:14:13-43
33            android:theme="@style/LaunchTheme"
33-->src/main/AndroidManifest.xml:15:13-47
34            android:windowSoftInputMode="adjustResize" >
34-->src/main/AndroidManifest.xml:18:13-55
35
36            <!--
37                 Specifies an Android theme to apply to this Activity as soon as
38                 the Android process has started. This theme is visible to the user
39                 while the Flutter UI initializes. After that, this theme continues
40                 to determine the Window background behind the Flutter UI.
41            -->
42            <meta-data
42-->src/main/AndroidManifest.xml:23:13-26:17
43                android:name="io.flutter.embedding.android.NormalTheme"
43-->src/main/AndroidManifest.xml:24:15-70
44                android:resource="@style/NormalTheme" />
44-->src/main/AndroidManifest.xml:25:15-52
45            <!--
46                 Displays an Android View that continues showing the launch screen
47                 Drawable until Flutter paints its first frame, then this splash
48                 screen fades out. A splash screen is useful to avoid any visual
49                 gap between the end of Android's launch screen and the painting of
50                 Flutter's first frame.
51            -->
52            <meta-data
52-->src/main/AndroidManifest.xml:32:13-35:17
53                android:name="io.flutter.embedding.android.SplashScreenDrawable"
53-->src/main/AndroidManifest.xml:33:15-79
54                android:resource="@drawable/launch_background" />
54-->src/main/AndroidManifest.xml:34:15-61
55
56            <intent-filter>
56-->src/main/AndroidManifest.xml:36:13-39:29
57                <action android:name="android.intent.action.MAIN" />
57-->src/main/AndroidManifest.xml:37:17-68
57-->src/main/AndroidManifest.xml:37:25-66
58
59                <category android:name="android.intent.category.LAUNCHER" />
59-->src/main/AndroidManifest.xml:38:17-76
59-->src/main/AndroidManifest.xml:38:27-74
60            </intent-filter>
61        </activity>
62        <!--
63             Don't delete the meta-data below.
64             This is used by the Flutter tool to generate GeneratedPluginRegistrant.java
65        -->
66        <meta-data
66-->src/main/AndroidManifest.xml:43:9-45:33
67            android:name="flutterEmbedding"
67-->src/main/AndroidManifest.xml:44:13-44
68            android:value="2" />
68-->src/main/AndroidManifest.xml:45:13-30
69
70        <service
70-->[:firebase_auth] AndroidManifest.xml:8:9-12:19
71            android:name="com.google.firebase.components.ComponentDiscoveryService"
71-->[:firebase_auth] AndroidManifest.xml:8:18-89
72            android:directBootAware="true"
72-->[com.google.firebase:firebase-common:19.3.0] AndroidManifest.xml:34:13-43
73            android:exported="false" >
73-->[com.google.firebase:firebase-auth:19.2.0] AndroidManifest.xml:35:13-37
74            <meta-data
74-->[:firebase_auth] AndroidManifest.xml:9:13-11:85
75                android:name="com.google.firebase.components:io.flutter.plugins.firebaseauth.FlutterFirebaseAppRegistrar"
75-->[:firebase_auth] AndroidManifest.xml:10:17-122
76                android:value="com.google.firebase.components.ComponentRegistrar" />
76-->[:firebase_auth] AndroidManifest.xml:11:17-82
77            <meta-data
77-->[:cloud_firestore] AndroidManifest.xml:9:13-11:85
78                android:name="com.google.firebase.components:io.flutter.plugins.firebase.cloudfirestore.FlutterFirebaseAppRegistrar"
78-->[:cloud_firestore] AndroidManifest.xml:10:17-133
79                android:value="com.google.firebase.components.ComponentRegistrar" />
79-->[:cloud_firestore] AndroidManifest.xml:11:17-82
80            <meta-data
80-->[:firebase_core] AndroidManifest.xml:9:13-11:85
81                android:name="com.google.firebase.components:io.flutter.plugins.firebase.core.FlutterFirebaseAppRegistrar"
81-->[:firebase_core] AndroidManifest.xml:10:17-123
82                android:value="com.google.firebase.components.ComponentRegistrar" />
82-->[:firebase_core] AndroidManifest.xml:11:17-82
83            <meta-data
83-->[:firebase_messaging] AndroidManifest.xml:14:13-16:85
84                android:name="com.google.firebase.components:io.flutter.plugins.firebasemessaging.FlutterFirebaseAppRegistrar"
84-->[:firebase_messaging] AndroidManifest.xml:15:17-127
85                android:value="com.google.firebase.components.ComponentRegistrar" />
85-->[:firebase_messaging] AndroidManifest.xml:16:17-82
86            <meta-data
86-->[com.google.firebase:firebase-auth:19.2.0] AndroidManifest.xml:36:13-38:85
87                android:name="com.google.firebase.components:com.google.firebase.auth.FirebaseAuthRegistrar"
87-->[com.google.firebase:firebase-auth:19.2.0] AndroidManifest.xml:37:17-109
88                android:value="com.google.firebase.components.ComponentRegistrar" />
88-->[com.google.firebase:firebase-auth:19.2.0] AndroidManifest.xml:38:17-82
89            <meta-data
89-->[com.google.firebase:firebase-firestore:21.3.0] AndroidManifest.xml:20:13-22:85
90                android:name="com.google.firebase.components:com.google.firebase.firestore.FirestoreRegistrar"
90-->[com.google.firebase:firebase-firestore:21.3.0] AndroidManifest.xml:21:17-111
91                android:value="com.google.firebase.components.ComponentRegistrar" />
91-->[com.google.firebase:firebase-firestore:21.3.0] AndroidManifest.xml:22:17-82
92            <meta-data
92-->[com.google.firebase:firebase-iid:20.0.1] AndroidManifest.xml:32:13-34:85
93                android:name="com.google.firebase.components:com.google.firebase.iid.Registrar"
93-->[com.google.firebase:firebase-iid:20.0.1] AndroidManifest.xml:33:17-96
94                android:value="com.google.firebase.components.ComponentRegistrar" />
94-->[com.google.firebase:firebase-iid:20.0.1] AndroidManifest.xml:34:17-82
95        </service>
96        <service android:name="io.flutter.plugins.firebasemessaging.FlutterFirebaseMessagingService" >
96-->[:firebase_messaging] AndroidManifest.xml:8:9-12:19
96-->[:firebase_messaging] AndroidManifest.xml:8:18-101
97            <intent-filter>
97-->[:firebase_messaging] AndroidManifest.xml:9:13-11:29
98                <action android:name="com.google.firebase.MESSAGING_EVENT" />
98-->[:firebase_messaging] AndroidManifest.xml:10:17-78
98-->[:firebase_messaging] AndroidManifest.xml:10:25-75
99            </intent-filter>
100        </service>
101        <!--
102             FirebaseMessagingService performs security checks at runtime,
103             but set to not exported to explicitly avoid allowing another app to call it.
104        -->
105        <service
105-->[com.google.firebase:firebase-messaging:20.0.1] AndroidManifest.xml:28:9-34:19
106            android:name="com.google.firebase.messaging.FirebaseMessagingService"
106-->[com.google.firebase:firebase-messaging:20.0.1] AndroidManifest.xml:29:13-82
107            android:exported="false" >
107-->[com.google.firebase:firebase-messaging:20.0.1] AndroidManifest.xml:30:13-37
108            <intent-filter android:priority="-500" >
108-->[:firebase_messaging] AndroidManifest.xml:9:13-11:29
109                <action android:name="com.google.firebase.MESSAGING_EVENT" />
109-->[:firebase_messaging] AndroidManifest.xml:10:17-78
109-->[:firebase_messaging] AndroidManifest.xml:10:25-75
110            </intent-filter>
111        </service>
112
113        <activity
113-->[com.google.firebase:firebase-auth:19.2.0] AndroidManifest.xml:24:9-31:50
114            android:name="com.google.firebase.auth.internal.FederatedSignInActivity"
114-->[com.google.firebase:firebase-auth:19.2.0] AndroidManifest.xml:25:13-85
115            android:excludeFromRecents="true"
115-->[com.google.firebase:firebase-auth:19.2.0] AndroidManifest.xml:26:13-46
116            android:exported="true"
116-->[com.google.firebase:firebase-auth:19.2.0] AndroidManifest.xml:27:13-36
117            android:launchMode="singleTask"
117-->[com.google.firebase:firebase-auth:19.2.0] AndroidManifest.xml:28:13-44
118            android:permission="com.google.firebase.auth.api.gms.permission.LAUNCH_FEDERATED_SIGN_IN"
118-->[com.google.firebase:firebase-auth:19.2.0] AndroidManifest.xml:29:13-102
119            android:theme="@android:style/Theme.Translucent.NoTitleBar" />
119-->[com.google.firebase:firebase-auth:19.2.0] AndroidManifest.xml:30:13-72
120
121        <receiver
121-->[com.google.firebase:firebase-iid:20.0.1] AndroidManifest.xml:37:9-44:20
122            android:name="com.google.firebase.iid.FirebaseInstanceIdReceiver"
122-->[com.google.firebase:firebase-iid:20.0.1] AndroidManifest.xml:38:13-78
123            android:exported="true"
123-->[com.google.firebase:firebase-iid:20.0.1] AndroidManifest.xml:39:13-36
124            android:permission="com.google.android.c2dm.permission.SEND" >
124-->[com.google.firebase:firebase-iid:20.0.1] AndroidManifest.xml:40:13-73
125            <intent-filter>
125-->[com.google.firebase:firebase-iid:20.0.1] AndroidManifest.xml:41:13-43:29
126                <action android:name="com.google.android.c2dm.intent.RECEIVE" />
126-->[com.google.firebase:firebase-iid:20.0.1] AndroidManifest.xml:42:17-81
126-->[com.google.firebase:firebase-iid:20.0.1] AndroidManifest.xml:42:25-78
127            </intent-filter>
128        </receiver>
129
130        <provider
130-->[com.google.firebase:firebase-common:19.3.0] AndroidManifest.xml:26:9-30:39
131            android:name="com.google.firebase.provider.FirebaseInitProvider"
131-->[com.google.firebase:firebase-common:19.3.0] AndroidManifest.xml:27:13-77
132            android:authorities="com.example.CollegeManager.firebaseinitprovider"
132-->[com.google.firebase:firebase-common:19.3.0] AndroidManifest.xml:28:13-72
133            android:exported="false"
133-->[com.google.firebase:firebase-common:19.3.0] AndroidManifest.xml:29:13-37
134            android:initOrder="100" />
134-->[com.google.firebase:firebase-common:19.3.0] AndroidManifest.xml:30:13-36
135
136        <activity
136-->[com.google.android.gms:play-services-base:17.1.0] AndroidManifest.xml:23:9-26:75
137            android:name="com.google.android.gms.common.api.GoogleApiActivity"
137-->[com.google.android.gms:play-services-base:17.1.0] AndroidManifest.xml:24:13-79
138            android:exported="false"
138-->[com.google.android.gms:play-services-base:17.1.0] AndroidManifest.xml:25:13-37
139            android:theme="@android:style/Theme.Translucent.NoTitleBar" />
139-->[com.google.android.gms:play-services-base:17.1.0] AndroidManifest.xml:26:13-72
140
141        <meta-data
141-->[com.google.android.gms:play-services-basement:17.0.0] AndroidManifest.xml:23:9-25:69
142            android:name="com.google.android.gms.version"
142-->[com.google.android.gms:play-services-basement:17.0.0] AndroidManifest.xml:24:13-58
143            android:value="@integer/google_play_services_version" />
143-->[com.google.android.gms:play-services-basement:17.0.0] AndroidManifest.xml:25:13-66
144    </application>
145
146</manifest>